# JRE version: OpenJDK Runtime Environment (17.0.10) (build 17.0.10+0-17.0.10b1087.21-11572160)
# Java VM: OpenJDK 64-Bit Server VM (17.0.10+0-17.0.10b1087.21-11572160, mixed mode, tiered, compressed oops, compressed class ptrs, g1 gc, linux-amd64)
GC Precious Log:
 CPUs: 8 total, 4 available
 Memory: 15798M
 Large Page Support: Disabled
 NUMA Support: Disabled
 Compressed Oops: Enabled (32-bit)
 Heap Region Size: 1M
 Heap Min Capacity: 8M
 Heap Initial Capacity: 248M
 Heap Max Capacity: 2G
 Pre-touch: Disabled
 Parallel Workers: 4
 Concurrent Workers: 1
 Concurrent Refinement Workers: 4
 Periodic GC: Disabled
Heap:
 garbage-first heap   total 263168K, used 212274K [0x0000000080000000, 0x0000000100000000)
  region size 1024K, 158 young (161792K), 8 survivors (8192K)
 Metaspace       used 57049K, committed 57536K, reserved 1114112K
  class space    used 7724K, committed 7936K, reserved 1048576K
GC Heap History (20 events):
Event: 23.029 GC heap after
{Heap after GC invocations=15 (full 0):
 garbage-first heap   total 134144K, used 54766K [0x0000000080000000, 0x0000000100000000)
  region size 1024K, 3 young (3072K), 3 survivors (3072K)
 Metaspace       used 55906K, committed 56320K, reserved 1114112K
  class space    used 7595K, committed 7808K, reserved 1048576K
}
Event: 23.832 GC heap before
{Heap before GC invocations=15 (full 0):
 garbage-first heap   total 134144K, used 105966K [0x0000000080000000, 0x0000000100000000)
  region size 1024K, 53 young (54272K), 3 survivors (3072K)
 Metaspace       used 56159K, committed 56576K, reserved 1114112K
  class space    used 7635K, committed 7808K, reserved 1048576K
}
Event: 23.847 GC heap after
{Heap after GC invocations=16 (full 0):
 garbage-first heap   total 263168K, used 54749K [0x0000000080000000, 0x0000000100000000)
  region size 1024K, 3 young (3072K), 3 survivors (3072K)
 Metaspace       used 56159K, committed 56576K, reserved 1114112K
  class space    used 7635K, committed 7808K, reserved 1048576K
}
Event: 26.186 GC heap before
{Heap before GC invocations=16 (full 0):
 garbage-first heap   total 263168K, used 209373K [0x0000000080000000, 0x0000000100000000)
  region size 1024K, 154 young (157696K), 3 survivors (3072K)
 Metaspace       used 56336K, committed 56832K, reserved 1114112K
  class space    used 7658K, committed 7872K, reserved 1048576K
}
Event: 26.195 GC heap after
{Heap after GC invocations=17 (full 0):
 garbage-first heap   total 263168K, used 55632K [0x0000000080000000, 0x0000000100000000)
  region size 1024K, 4 young (4096K), 4 survivors (4096K)
 Metaspace       used 56336K, committed 56832K, reserved 1114112K
  class space    used 7658K, committed 7872K, reserved 1048576K
}
Event: 28.048 GC heap before
{Heap before GC invocations=17 (full 0):
 garbage-first heap   total 263168K, used 209232K [0x0000000080000000, 0x0000000100000000)
  region size 1024K, 154 young (157696K), 4 survivors (4096K)
 Metaspace       used 56370K, committed 56832K, reserved 1114112K
  class space    used 7658K, committed 7872K, reserved 1048576K
}
Event: 28.056 GC heap after
{Heap after GC invocations=18 (full 0):
 garbage-first heap   total 263168K, used 57106K [0x0000000080000000, 0x0000000100000000)
  region size 1024K, 6 young (6144K), 6 survivors (6144K)
 Metaspace       used 56370K, committed 56832K, reserved 1114112K
  class space    used 7658K, committed 7872K, reserved 1048576K
}
Event: 29.949 GC heap before
{Heap before GC invocations=18 (full 0):
 garbage-first heap   total 263168K, used 208658K [0x0000000080000000, 0x0000000100000000)
  region size 1024K, 154 young (157696K), 6 survivors (6144K)
 Metaspace       used 56415K, committed 56896K, reserved 1114112K
  class space    used 7659K, committed 7872K, reserved 1048576K
}
Event: 29.961 GC heap after
{Heap after GC invocations=19 (full 0):
 garbage-first heap   total 263168K, used 57788K [0x0000000080000000, 0x0000000100000000)
  region size 1024K, 6 young (6144K), 6 survivors (6144K)
 Metaspace       used 56415K, committed 56896K, reserved 1114112K
  class space    used 7659K, committed 7872K, reserved 1048576K
}
Event: 31.525 GC heap before
{Heap before GC invocations=19 (full 0):
 garbage-first heap   total 263168K, used 209340K [0x0000000080000000, 0x0000000100000000)
  region size 1024K, 154 young (157696K), 6 survivors (6144K)
 Metaspace       used 56415K, committed 56896K, reserved 1114112K
  class space    used 7659K, committed 7872K, reserved 1048576K
}
Event: 31.538 GC heap after
{Heap after GC invocations=20 (full 0):
 garbage-first heap   total 263168K, used 60777K [0x0000000080000000, 0x0000000100000000)
  region size 1024K, 9 young (9216K), 9 survivors (9216K)
 Metaspace       used 56415K, committed 56896K, reserved 1114112K
  class space    used 7659K, committed 7872K, reserved 1048576K
}
Event: 32.656 GC heap before
{Heap before GC invocations=20 (full 0):
 garbage-first heap   total 263168K, used 209257K [0x0000000080000000, 0x0000000100000000)
  region size 1024K, 154 young (157696K), 9 survivors (9216K)
 Metaspace       used 56417K, committed 56896K, reserved 1114112K
  class space    used 7659K, committed 7872K, reserved 1048576K
}
Event: 32.671 GC heap after
{Heap after GC invocations=21 (full 0):
 garbage-first heap   total 263168K, used 61030K [0x0000000080000000, 0x0000000100000000)
  region size 1024K, 9 young (9216K), 9 survivors (9216K)
 Metaspace       used 56417K, committed 56896K, reserved 1114112K
  class space    used 7659K, committed 7872K, reserved 1048576K
}
Event: 33.482 GC heap before
{Heap before GC invocations=21 (full 0):
 garbage-first heap   total 263168K, used 209510K [0x0000000080000000, 0x0000000100000000)
  region size 1024K, 154 young (157696K), 9 survivors (9216K)
 Metaspace       used 56421K, committed 56896K, reserved 1114112K
  class space    used 7660K, committed 7872K, reserved 1048576K
}
Event: 33.523 GC heap after
{Heap after GC invocations=22 (full 0):
 garbage-first heap   total 263168K, used 62071K [0x0000000080000000, 0x0000000100000000)
  region size 1024K, 10 young (10240K), 10 survivors (10240K)
 Metaspace       used 56421K, committed 56896K, reserved 1114112K
  class space    used 7660K, committed 7872K, reserved 1048576K
}
Event: 34.972 GC heap before
{Heap before GC invocations=22 (full 0):
 garbage-first heap   total 263168K, used 212599K [0x0000000080000000, 0x0000000100000000)
  region size 1024K, 154 young (157696K), 10 survivors (10240K)
 Metaspace       used 56571K, committed 56960K, reserved 1114112K
  class space    used 7680K, committed 7872K, reserved 1048576K
}
Event: 34.980 GC heap after
{Heap after GC invocations=23 (full 0):
 garbage-first heap   total 263168K, used 55927K [0x0000000080000000, 0x0000000100000000)
  region size 1024K, 4 young (4096K), 4 survivors (4096K)
 Metaspace       used 56571K, committed 56960K, reserved 1114112K
  class space    used 7680K, committed 7872K, reserved 1048576K
}
Event: 36.035 GC heap before
{Heap before GC invocations=23 (full 0):
 garbage-first heap   total 263168K, used 212599K [0x0000000080000000, 0x0000000100000000)
  region size 1024K, 154 young (157696K), 4 survivors (4096K)
 Metaspace       used 56753K, committed 57216K, reserved 1114112K
  class space    used 7692K, committed 7872K, reserved 1048576K
}
Event: 36.050 GC heap after
{Heap after GC invocations=24 (full 0):
 garbage-first heap   total 263168K, used 55602K [0x0000000080000000, 0x0000000100000000)
  region size 1024K, 4 young (4096K), 4 survivors (4096K)
 Metaspace       used 56753K, committed 57216K, reserved 1114112K
  class space    used 7692K, committed 7872K, reserved 1048576K
}
Event: 37.883 GC heap before
{Heap before GC invocations=24 (full 0):
 garbage-first heap   total 263168K, used 212274K [0x0000000080000000, 0x0000000100000000)
  region size 1024K, 154 young (157696K), 4 survivors (4096K)
 Metaspace       used 57049K, committed 57536K, reserved 1114112K
  class space    used 7724K, committed 7936K, reserved 1048576K
}

